<?xml version="1.0" encoding="UTF-8"?>
<testsuites name="jest tests" tests="19" failures="0" errors="0" time="3.231">
  <testsuite name="Authentication" errors="0" failures="0" skipped="0" timestamp="2023-06-18T14:08:35" time="2.585" tests="15">
    <testcase classname="Authentication should login as admin" name="Authentication should login as admin" time="0.156">
    </testcase>
    <testcase classname="Authentication should not login with wrong credentials: admin a" name="Authentication should not login with wrong credentials: admin a" time="0.055">
    </testcase>
    <testcase classname="Authentication should not login with wrong credentials: a admin" name="Authentication should not login with wrong credentials: a admin" time="0.132">
    </testcase>
    <testcase classname="Authentication should not login with wrong credentials: a a" name="Authentication should not login with wrong credentials: a a" time="0.057">
    </testcase>
    <testcase classname="Authentication should login as user" name="Authentication should login as user" time="0.058">
    </testcase>
    <testcase classname="Authentication should add user" name="Authentication should add user" time="0.499">
    </testcase>
    <testcase classname="Authentication should change user: fromAdmin pass true to pass false" name="Authentication should change user: fromAdmin pass true to pass false" time="0.296">
    </testcase>
    <testcase classname="Authentication should change user: toAdmin pass false to pass true" name="Authentication should change user: toAdmin pass false to pass true" time="0.001">
    </testcase>
    <testcase classname="Authentication should change user: changePass pass true to newpass true" name="Authentication should change user: changePass pass true to newpass true" time="0">
    </testcase>
    <testcase classname="Authentication should change user: changeAll pass true to newpass false" name="Authentication should change user: changeAll pass true to newpass false" time="0.001">
    </testcase>
    <testcase classname="Authentication should not update user with no password or admin" name="Authentication should not update user with no password or admin" time="0.011">
    </testcase>
    <testcase classname="Authentication should not update inexistent user" name="Authentication should not update inexistent user" time="0.029">
    </testcase>
    <testcase classname="Authentication should delete user" name="Authentication should delete user" time="0.007">
    </testcase>
    <testcase classname="Authentication should not delete inexistent user" name="Authentication should not delete inexistent user" time="0.014">
    </testcase>
    <testcase classname="Authentication should get all users" name="Authentication should get all users" time="0.023">
    </testcase>
  </testsuite>
  <testsuite name="Users" errors="0" failures="0" skipped="0" timestamp="2023-06-18T14:08:37" time="0.586" tests="4">
    <testcase classname="Users Get users" name="Users Get users" time="0.009">
    </testcase>
    <testcase classname="Users Add users" name="Users Add users" time="0.075">
    </testcase>
    <testcase classname="Users Update users" name="Users Update users" time="0.063">
    </testcase>
    <testcase classname="Users Delete users" name="Users Delete users" time="0.008">
    </testcase>
  </testsuite>
</testsuites>