<?xml version="1.0" encoding="UTF-8"?>
<testsuites name="jest tests" tests="4" failures="0" errors="0" time="2.064">
  <testsuite name="Users" errors="0" failures="0" skipped="0" timestamp="2023-06-27T15:34:02" time="0.952" tests="4">
    <testcase classname="Users Get users" name="Users Get users" time="0.013">
    </testcase>
    <testcase classname="Users Add users" name="Users Add users" time="0.083">
    </testcase>
    <testcase classname="Users Update users" name="Users Update users" time="0.069">
    </testcase>
    <testcase classname="Users Delete users" name="Users Delete users" time="0.019">
    </testcase>
  </testsuite>
</testsuites>