<?xml version="1.0" encoding="UTF-8"?>
<testsuites name="jest tests" tests="31" failures="0" errors="0" time="4.809">
  <testsuite name="Authentication" errors="0" failures="0" skipped="0" timestamp="2023-06-28T07:43:45" time="2.866" tests="15">
    <testcase classname="Authentication should login as admin" name="Authentication should login as admin" time="0.271">
    </testcase>
    <testcase classname="Authentication should not login with wrong credentials: admin a" name="Authentication should not login with wrong credentials: admin a" time="0.001">
    </testcase>
    <testcase classname="Authentication should not login with wrong credentials: a admin" name="Authentication should not login with wrong credentials: a admin" time="0.064">
    </testcase>
    <testcase classname="Authentication should not login with wrong credentials: a a" name="Authentication should not login with wrong credentials: a a" time="0.142">
    </testcase>
    <testcase classname="Authentication should login as user" name="Authentication should login as user" time="0.062">
    </testcase>
    <testcase classname="Add user should add user" name="Add user should add user" time="0.516">
    </testcase>
    <testcase classname="Update user should change user: fromAdmin pass true to pass false" name="Update user should change user: fromAdmin pass true to pass false" time="0.065">
    </testcase>
    <testcase classname="Update user should change user: toAdmin pass false to pass true" name="Update user should change user: toAdmin pass false to pass true" time="0.236">
    </testcase>
    <testcase classname="Update user should change user: changePass pass true to newpass true" name="Update user should change user: changePass pass true to newpass true" time="0">
    </testcase>
    <testcase classname="Update user should change user: changeAll pass true to newpass false" name="Update user should change user: changeAll pass true to newpass false" time="0.001">
    </testcase>
    <testcase classname="Update user should not update user with no password or admin" name="Update user should not update user with no password or admin" time="0.041">
    </testcase>
    <testcase classname="Update user should not update inexistent user" name="Update user should not update inexistent user" time="0.019">
    </testcase>
    <testcase classname="Delete user should delete user" name="Delete user should delete user" time="0.018">
    </testcase>
    <testcase classname="Delete user should not delete inexistent user" name="Delete user should not delete inexistent user" time="0.031">
    </testcase>
    <testcase classname="Get users should get all users" name="Get users should get all users" time="0.039">
    </testcase>
  </testsuite>
  <testsuite name="Add collection" errors="0" failures="0" skipped="0" timestamp="2023-06-28T07:43:48" time="1.14" tests="12">
    <testcase classname="Add collection should add collection" name="Add collection should add collection" time="0.108">
    </testcase>
    <testcase classname="Add collection should add collection to other user if admin" name="Add collection should add collection to other user if admin" time="0.001">
    </testcase>
    <testcase classname="Add collection should not add collection to other user if not admin" name="Add collection should not add collection to other user if not admin" time="0.001">
    </testcase>
    <testcase classname="Get collection should get collection" name="Get collection should get collection" time="0.029">
    </testcase>
    <testcase classname="Get collection should get collection of other user if admin" name="Get collection should get collection of other user if admin" time="0.024">
    </testcase>
    <testcase classname="Get collection should not get collection of other user if not admin" name="Get collection should not get collection of other user if not admin" time="0.012">
    </testcase>
    <testcase classname="Get collection should get all collections if admin" name="Get collection should get all collections if admin" time="0.025">
    </testcase>
    <testcase classname="Get collection should not get all collections if not admin" name="Get collection should not get all collections if not admin" time="0.014">
    </testcase>
    <testcase classname="Delete collection should delete collection" name="Delete collection should delete collection" time="0.041">
    </testcase>
    <testcase classname="Delete collection should delete collection of other user if admin" name="Delete collection should delete collection of other user if admin" time="0.044">
    </testcase>
    <testcase classname="Delete collection should not delete collection of other user if not admin" name="Delete collection should not delete collection of other user if not admin" time="0.021">
    </testcase>
    <testcase classname="Delete collection should not delete non existent collection" name="Delete collection should not delete non existent collection" time="0.021">
    </testcase>
  </testsuite>
  <testsuite name="Users" errors="0" failures="0" skipped="0" timestamp="2023-06-28T07:43:49" time="0.704" tests="4">
    <testcase classname="Users Get users" name="Users Get users" time="0.008">
    </testcase>
    <testcase classname="Users Add users" name="Users Add users" time="0.078">
    </testcase>
    <testcase classname="Users Update users" name="Users Update users" time="0.069">
    </testcase>
    <testcase classname="Users Delete users" name="Users Delete users" time="0.013">
    </testcase>
  </testsuite>
</testsuites>